Line 180: Class Crystal.CrystalReport of control Crystal102 was not a loaded control class.
Line 194: Class Crystal.CrystalReport of control Crystal101 was not a loaded control class.
Line 183: The property name _ExtentX in Crystal102 is invalid.
Line 184: The property name _ExtentY in Crystal102 is invalid.
Line 185: The property name _Version in Crystal102 is invalid.
Line 186: The property name WindowControlBox in Crystal102 is invalid.
Line 187: The property name WindowMaxButton in Crystal102 is invalid.
Line 188: The property name WindowMinButton in Crystal102 is invalid.
Line 189: The property name PrintFileLinesPerPage in Crystal102 is invalid.
Line 190: The property name WindowShowCloseBtn in Crystal102 is invalid.
Line 191: The property name WindowShowPrintSetupBtn in Crystal102 is invalid.
Line 192: The property name WindowShowRefreshBtn in Crystal102 is invalid.
Line 197: The property name _ExtentX in Crystal101 is invalid.
Line 198: The property name _ExtentY in Crystal101 is invalid.
Line 199: The property name _Version in Crystal101 is invalid.
Line 200: The property name WindowControlBox in Crystal101 is invalid.
Line 201: The property name WindowMaxButton in Crystal101 is invalid.
Line 202: The property name WindowMinButton in Crystal101 is invalid.
Line 203: The property name PrintFileLinesPerPage in Crystal101 is invalid.
Line 204: The property name WindowShowCloseBtn in Crystal101 is invalid.
Line 205: The property name WindowShowPrintSetupBtn in Crystal101 is invalid.
Line 206: The property name WindowShowRefreshBtn in Crystal101 is invalid.
